# JRE version: Java(TM) SE Runtime Environment (21.0.5+9) (build 21.0.5+9-LTS-239)
# Java VM: Java HotSpot(TM) 64-Bit Server VM (21.0.5+9-LTS-239, mixed mode, sharing, tiered, compressed oops, compressed class ptrs, g1 gc, windows-amd64)
GC Precious Log:
 CardTable entry size: 512
 Card Set container configuration: InlinePtr #cards 5 size 8 Array Of Cards #cards 12 size 40 Howl #buckets 4 coarsen threshold 1843 Howl Bitmap #cards 512 size 80 coarsen threshold 460 Card regions per heap region 1 cards per card region 2048
 CPUs: 4 total, 4 available
 Memory: 12082M
 Large Page Support: Disabled
 NUMA Support: Disabled
 Compressed Oops: Enabled (32-bit)
 Heap Region Size: 1M
 Heap Min Capacity: 256M
 Heap Initial Capacity: 256M
 Heap Max Capacity: 512M
 Pre-touch: Disabled
 Parallel Workers: 4
 Concurrent Workers: 1
 Concurrent Refinement Workers: 4
 Periodic GC: Disabled
Heap:
 garbage-first heap   total 262144K, used 169160K [0x00000000e0000000, 0x0000000100000000)
  region size 1024K, 138 young (141312K), 7 survivors (7168K)
 Metaspace       used 48995K, committed 50688K, reserved 393216K
  class space    used 6975K, committed 7808K, reserved 327680K
GC Heap History (10 events):
Event: 0.995 GC heap before
{Heap before GC invocations=0 (full 0):
 garbage-first heap   total 262144K, used 13312K [0x00000000e0000000, 0x0000000100000000)
  region size 1024K, 13 young (13312K), 0 survivors (0K)
 Metaspace       used 857K, committed 1024K, reserved 393216K
  class space    used 72K, committed 128K, reserved 327680K
}
Event: 1.000 GC heap after
{Heap after GC invocations=1 (full 0):
 garbage-first heap   total 262144K, used 1472K [0x00000000e0000000, 0x0000000100000000)
  region size 1024K, 2 young (2048K), 2 survivors (2048K)
 Metaspace       used 857K, committed 1024K, reserved 393216K
  class space    used 72K, committed 128K, reserved 327680K
}
Event: 2.591 GC heap before
{Heap before GC invocations=1 (full 0):
 garbage-first heap   total 262144K, used 21952K [0x00000000e0000000, 0x0000000100000000)
  region size 1024K, 20 young (20480K), 2 survivors (2048K)
 Metaspace       used 2722K, committed 2880K, reserved 393216K
  class space    used 302K, committed 384K, reserved 327680K
}
Event: 2.594 GC heap after
{Heap after GC invocations=2 (full 0):
 garbage-first heap   total 262144K, used 9538K [0x00000000e0000000, 0x0000000100000000)
  region size 1024K, 3 young (3072K), 3 survivors (3072K)
 Metaspace       used 2722K, committed 2880K, reserved 393216K
  class space    used 302K, committed 384K, reserved 327680K
}
Event: 15.448 GC heap before
{Heap before GC invocations=2 (full 0):
 garbage-first heap   total 262144K, used 164162K [0x00000000e0000000, 0x0000000100000000)
  region size 1024K, 153 young (156672K), 3 survivors (3072K)
 Metaspace       used 20061K, committed 20672K, reserved 393216K
  class space    used 2862K, committed 3136K, reserved 327680K
}
Event: 15.464 GC heap after
{Heap after GC invocations=3 (full 0):
 garbage-first heap   total 262144K, used 23128K [0x00000000e0000000, 0x0000000100000000)
  region size 1024K, 16 young (16384K), 16 survivors (16384K)
 Metaspace       used 20061K, committed 20672K, reserved 393216K
  class space    used 2862K, committed 3136K, reserved 327680K
}
Event: 15.985 GC heap before
{Heap before GC invocations=3 (full 0):
 garbage-first heap   total 262144K, used 29272K [0x00000000e0000000, 0x0000000100000000)
  region size 1024K, 23 young (23552K), 16 survivors (16384K)
 Metaspace       used 20844K, committed 21504K, reserved 393216K
  class space    used 2975K, committed 3264K, reserved 327680K
}
Event: 15.998 GC heap after
{Heap after GC invocations=4 (full 0):
 garbage-first heap   total 262144K, used 24918K [0x00000000e0000000, 0x0000000100000000)
  region size 1024K, 2 young (2048K), 2 survivors (2048K)
 Metaspace       used 20844K, committed 21504K, reserved 393216K
  class space    used 2975K, committed 3264K, reserved 327680K
}
Event: 21.989 GC heap before
{Heap before GC invocations=5 (full 0):
 garbage-first heap   total 262144K, used 117078K [0x00000000e0000000, 0x0000000100000000)
  region size 1024K, 93 young (95232K), 2 survivors (2048K)
 Metaspace       used 34668K, committed 35968K, reserved 393216K
  class space    used 5013K, committed 5632K, reserved 327680K
}
Event: 21.998 GC heap after
{Heap after GC invocations=6 (full 0):
 garbage-first heap   total 262144K, used 29896K [0x00000000e0000000, 0x0000000100000000)
  region size 1024K, 7 young (7168K), 7 survivors (7168K)
 Metaspace       used 34668K, committed 35968K, reserved 393216K
  class space    used 5013K, committed 5632K, reserved 327680K
}

