# JRE version: Java(TM) SE Runtime Environment (21.0.5+9) (build 21.0.5+9-LTS-239)
# Java VM: Java HotSpot(TM) 64-Bit Server VM (21.0.5+9-LTS-239, mixed mode, sharing, tiered, compressed oops, compressed class ptrs, g1 gc, windows-amd64)
GC Precious Log:
 CardTable entry size: 512
 Card Set container configuration: InlinePtr #cards 5 size 8 Array Of Cards #cards 12 size 40 Howl #buckets 4 coarsen threshold 1843 Howl Bitmap #cards 512 size 80 coarsen threshold 460 Card regions per heap region 1 cards per card region 2048
 CPUs: 4 total, 4 available
 Memory: 12082M
 Large Page Support: Disabled
 NUMA Support: Disabled
 Compressed Oops: Enabled (32-bit)
 Heap Region Size: 1M
 Heap Min Capacity: 256M
 Heap Initial Capacity: 256M
 Heap Max Capacity: 512M
 Pre-touch: Disabled
 Parallel Workers: 4
 Concurrent Workers: 1
 Concurrent Refinement Workers: 4
 Periodic GC: Disabled
Heap:
 garbage-first heap   total 262144K, used 153479K [0x00000000e0000000, 0x0000000100000000)
  region size 1024K, 60 young (61440K), 4 survivors (4096K)
 Metaspace       used 76528K, committed 78848K, reserved 458752K
  class space    used 10315K, committed 11456K, reserved 327680K
GC Heap History (20 events):
Event: 39.464 GC heap before
{Heap before GC invocations=8 (full 0):
 garbage-first heap   total 262144K, used 177834K [0x00000000e0000000, 0x0000000100000000)
  region size 1024K, 153 young (156672K), 18 survivors (18432K)
 Metaspace       used 58333K, committed 60352K, reserved 393216K
  class space    used 8234K, committed 9216K, reserved 327680K
}
Event: 39.489 GC heap after
{Heap after GC invocations=9 (full 0):
 garbage-first heap   total 262144K, used 49664K [0x00000000e0000000, 0x0000000100000000)
  region size 1024K, 11 young (11264K), 11 survivors (11264K)
 Metaspace       used 58333K, committed 60352K, reserved 393216K
  class space    used 8234K, committed 9216K, reserved 327680K
}
Event: 40.368 GC heap before
{Heap before GC invocations=9 (full 0):
 garbage-first heap   total 262144K, used 67072K [0x00000000e0000000, 0x0000000100000000)
  region size 1024K, 29 young (29696K), 11 survivors (11264K)
 Metaspace       used 58555K, committed 60480K, reserved 393216K
  class space    used 8243K, committed 9216K, reserved 327680K
}
Event: 40.378 GC heap after
{Heap after GC invocations=10 (full 0):
 garbage-first heap   total 262144K, used 51200K [0x00000000e0000000, 0x0000000100000000)
  region size 1024K, 12 young (12288K), 12 survivors (12288K)
 Metaspace       used 58555K, committed 60480K, reserved 393216K
  class space    used 8243K, committed 9216K, reserved 327680K
}
Event: 2970.198 GC heap before
{Heap before GC invocations=11 (full 0):
 garbage-first heap   total 262144K, used 195584K [0x00000000e0000000, 0x0000000100000000)
  region size 1024K, 153 young (156672K), 12 survivors (12288K)
 Metaspace       used 61967K, committed 64064K, reserved 393216K
  class space    used 8735K, committed 9792K, reserved 327680K
}
Event: 2970.541 GC heap after
{Heap after GC invocations=12 (full 0):
 garbage-first heap   total 262144K, used 56320K [0x00000000e0000000, 0x0000000100000000)
  region size 1024K, 7 young (7168K), 7 survivors (7168K)
 Metaspace       used 61967K, committed 64064K, reserved 393216K
  class space    used 8735K, committed 9792K, reserved 327680K
}
Event: 4286.719 GC heap before
{Heap before GC invocations=12 (full 0):
 garbage-first heap   total 262144K, used 204800K [0x00000000e0000000, 0x0000000100000000)
  region size 1024K, 153 young (156672K), 7 survivors (7168K)
 Metaspace       used 63419K, committed 65600K, reserved 393216K
  class space    used 8836K, committed 9920K, reserved 327680K
}
Event: 4286.790 GC heap after
{Heap after GC invocations=13 (full 0):
 garbage-first heap   total 262144K, used 62304K [0x00000000e0000000, 0x0000000100000000)
  region size 1024K, 12 young (12288K), 12 survivors (12288K)
 Metaspace       used 63419K, committed 65600K, reserved 393216K
  class space    used 8836K, committed 9920K, reserved 327680K
}
Event: 4299.446 GC heap before
{Heap before GC invocations=13 (full 0):
 garbage-first heap   total 262144K, used 176992K [0x00000000e0000000, 0x0000000100000000)
  region size 1024K, 123 young (125952K), 12 survivors (12288K)
 Metaspace       used 71521K, committed 73792K, reserved 393216K
  class space    used 9822K, committed 10944K, reserved 327680K
}
Event: 4299.481 GC heap after
{Heap after GC invocations=14 (full 0):
 garbage-first heap   total 262144K, used 87537K [0x00000000e0000000, 0x0000000100000000)
  region size 1024K, 16 young (16384K), 16 survivors (16384K)
 Metaspace       used 71521K, committed 73792K, reserved 393216K
  class space    used 9822K, committed 10944K, reserved 327680K
}
Event: 4300.245 GC heap before
{Heap before GC invocations=14 (full 0):
 garbage-first heap   total 262144K, used 101873K [0x00000000e0000000, 0x0000000100000000)
  region size 1024K, 31 young (31744K), 16 survivors (16384K)
 Metaspace       used 72239K, committed 74432K, reserved 393216K
  class space    used 9907K, committed 11008K, reserved 327680K
}
Event: 4300.267 GC heap after
{Heap after GC invocations=15 (full 0):
 garbage-first heap   total 262144K, used 90624K [0x00000000e0000000, 0x0000000100000000)
  region size 1024K, 2 young (2048K), 2 survivors (2048K)
 Metaspace       used 72239K, committed 74432K, reserved 393216K
  class space    used 9907K, committed 11008K, reserved 327680K
}
Event: 4330.828 GC heap before
{Heap before GC invocations=15 (full 0):
 garbage-first heap   total 262144K, used 221696K [0x00000000e0000000, 0x0000000100000000)
  region size 1024K, 131 young (134144K), 2 survivors (2048K)
 Metaspace       used 75527K, committed 77824K, reserved 458752K
  class space    used 10304K, committed 11456K, reserved 327680K
}
Event: 4330.853 GC heap after
{Heap after GC invocations=16 (full 0):
 garbage-first heap   total 262144K, used 101256K [0x00000000e0000000, 0x0000000100000000)
  region size 1024K, 13 young (13312K), 13 survivors (13312K)
 Metaspace       used 75527K, committed 77824K, reserved 458752K
  class space    used 10304K, committed 11456K, reserved 327680K
}
Event: 4355.513 GC heap before
{Heap before GC invocations=16 (full 0):
 garbage-first heap   total 262144K, used 225160K [0x00000000e0000000, 0x0000000100000000)
  region size 1024K, 134 young (137216K), 13 survivors (13312K)
 Metaspace       used 76018K, committed 78336K, reserved 458752K
  class space    used 10308K, committed 11456K, reserved 327680K
}
Event: 4355.531 GC heap after
{Heap after GC invocations=17 (full 0):
 garbage-first heap   total 262144K, used 102957K [0x00000000e0000000, 0x0000000100000000)
  region size 1024K, 9 young (9216K), 9 survivors (9216K)
 Metaspace       used 76018K, committed 78336K, reserved 458752K
  class space    used 10308K, committed 11456K, reserved 327680K
}
Event: 4368.608 GC heap before
{Heap before GC invocations=17 (full 0):
 garbage-first heap   total 262144K, used 227885K [0x00000000e0000000, 0x0000000100000000)
  region size 1024K, 131 young (134144K), 9 survivors (9216K)
 Metaspace       used 76290K, committed 78528K, reserved 458752K
  class space    used 10310K, committed 11456K, reserved 327680K
}
Event: 4368.614 GC heap after
{Heap after GC invocations=18 (full 0):
 garbage-first heap   total 262144K, used 99915K [0x00000000e0000000, 0x0000000100000000)
  region size 1024K, 6 young (6144K), 6 survivors (6144K)
 Metaspace       used 76290K, committed 78528K, reserved 458752K
  class space    used 10310K, committed 11456K, reserved 327680K
}
Event: 4406.721 GC heap before
{Heap before GC invocations=18 (full 0):
 garbage-first heap   total 262144K, used 229963K [0x00000000e0000000, 0x0000000100000000)
  region size 1024K, 133 young (136192K), 6 survivors (6144K)
 Metaspace       used 76512K, committed 78784K, reserved 458752K
  class space    used 10315K, committed 11456K, reserved 327680K
}
Event: 4406.728 GC heap after
{Heap after GC invocations=19 (full 0):
 garbage-first heap   total 262144K, used 97159K [0x00000000e0000000, 0x0000000100000000)
  region size 1024K, 4 young (4096K), 4 survivors (4096K)
 Metaspace       used 76512K, committed 78784K, reserved 458752K
  class space    used 10315K, committed 11456K, reserved 327680K
}

