# JRE version: Java(TM) SE Runtime Environment (21.0.5+9) (build 21.0.5+9-LTS-239)
# Java VM: Java HotSpot(TM) 64-Bit Server VM (21.0.5+9-LTS-239, mixed mode, sharing, tiered, compressed oops, compressed class ptrs, g1 gc, windows-amd64)
GC Precious Log:
 CardTable entry size: 512
 Card Set container configuration: InlinePtr #cards 5 size 8 Array Of Cards #cards 12 size 40 Howl #buckets 4 coarsen threshold 1843 Howl Bitmap #cards 512 size 80 coarsen threshold 460 Card regions per heap region 1 cards per card region 2048
 CPUs: 4 total, 4 available
 Memory: 12082M
 Large Page Support: Disabled
 NUMA Support: Disabled
 Compressed Oops: Enabled (32-bit)
 Heap Region Size: 1M
 Heap Min Capacity: 256M
 Heap Initial Capacity: 256M
 Heap Max Capacity: 512M
 Pre-touch: Disabled
 Parallel Workers: 4
 Concurrent Workers: 1
 Concurrent Refinement Workers: 4
 Periodic GC: Disabled
Heap:
 garbage-first heap   total 262144K, used 148036K [0x00000000e0000000, 0x0000000100000000)
  region size 1024K, 100 young (102400K), 3 survivors (3072K)
 Metaspace       used 59842K, committed 63040K, reserved 393216K
  class space    used 7782K, committed 9344K, reserved 327680K
GC Heap History (20 events):
Event: 3671.152 GC heap before
{Heap before GC invocations=18 (full 0):
 garbage-first heap   total 262144K, used 207295K [0x00000000e0000000, 0x0000000100000000)
  region size 1024K, 153 young (156672K), 7 survivors (7168K)
 Metaspace       used 58947K, committed 63040K, reserved 393216K
  class space    used 7754K, committed 9344K, reserved 327680K
}
Event: 3671.250 GC heap after
{Heap after GC invocations=19 (full 0):
 garbage-first heap   total 262144K, used 58128K [0x00000000e0000000, 0x0000000100000000)
  region size 1024K, 6 young (6144K), 6 survivors (6144K)
 Metaspace       used 58947K, committed 63040K, reserved 393216K
  class space    used 7754K, committed 9344K, reserved 327680K
}
Event: 7201.999 GC heap before
{Heap before GC invocations=19 (full 0):
 garbage-first heap   total 262144K, used 207632K [0x00000000e0000000, 0x0000000100000000)
  region size 1024K, 153 young (156672K), 6 survivors (6144K)
 Metaspace       used 59074K, committed 63040K, reserved 393216K
  class space    used 7760K, committed 9344K, reserved 327680K
}
Event: 7202.034 GC heap after
{Heap after GC invocations=20 (full 0):
 garbage-first heap   total 262144K, used 55983K [0x00000000e0000000, 0x0000000100000000)
  region size 1024K, 6 young (6144K), 6 survivors (6144K)
 Metaspace       used 59074K, committed 63040K, reserved 393216K
  class space    used 7760K, committed 9344K, reserved 327680K
}
Event: 7215.010 GC heap before
{Heap before GC invocations=20 (full 0):
 garbage-first heap   total 262144K, used 205487K [0x00000000e0000000, 0x0000000100000000)
  region size 1024K, 153 young (156672K), 6 survivors (6144K)
 Metaspace       used 59159K, committed 63040K, reserved 393216K
  class space    used 7766K, committed 9344K, reserved 327680K
}
Event: 7215.027 GC heap after
{Heap after GC invocations=21 (full 0):
 garbage-first heap   total 262144K, used 59026K [0x00000000e0000000, 0x0000000100000000)
  region size 1024K, 9 young (9216K), 9 survivors (9216K)
 Metaspace       used 59159K, committed 63040K, reserved 393216K
  class space    used 7766K, committed 9344K, reserved 327680K
}
Event: 7254.180 GC heap before
{Heap before GC invocations=22 (full 0):
 garbage-first heap   total 262144K, used 205458K [0x00000000e0000000, 0x0000000100000000)
  region size 1024K, 153 young (156672K), 9 survivors (9216K)
 Metaspace       used 59243K, committed 63040K, reserved 393216K
  class space    used 7769K, committed 9344K, reserved 327680K
}
Event: 7254.195 GC heap after
{Heap after GC invocations=23 (full 0):
 garbage-first heap   total 262144K, used 61690K [0x00000000e0000000, 0x0000000100000000)
  region size 1024K, 11 young (11264K), 11 survivors (11264K)
 Metaspace       used 59243K, committed 63040K, reserved 393216K
  class space    used 7769K, committed 9344K, reserved 327680K
}
Event: 7312.676 GC heap before
{Heap before GC invocations=23 (full 0):
 garbage-first heap   total 262144K, used 206074K [0x00000000e0000000, 0x0000000100000000)
  region size 1024K, 153 young (156672K), 11 survivors (11264K)
 Metaspace       used 59372K, committed 63040K, reserved 393216K
  class space    used 7770K, committed 9344K, reserved 327680K
}
Event: 7312.688 GC heap after
{Heap after GC invocations=24 (full 0):
 garbage-first heap   total 262144K, used 54676K [0x00000000e0000000, 0x0000000100000000)
  region size 1024K, 4 young (4096K), 4 survivors (4096K)
 Metaspace       used 59372K, committed 63040K, reserved 393216K
  class space    used 7770K, committed 9344K, reserved 327680K
}
Event: 7330.790 GC heap before
{Heap before GC invocations=24 (full 0):
 garbage-first heap   total 262144K, used 206228K [0x00000000e0000000, 0x0000000100000000)
  region size 1024K, 153 young (156672K), 4 survivors (4096K)
 Metaspace       used 59423K, committed 63040K, reserved 393216K
  class space    used 7771K, committed 9344K, reserved 327680K
}
Event: 7330.798 GC heap after
{Heap after GC invocations=25 (full 0):
 garbage-first heap   total 262144K, used 58012K [0x00000000e0000000, 0x0000000100000000)
  region size 1024K, 8 young (8192K), 8 survivors (8192K)
 Metaspace       used 59423K, committed 63040K, reserved 393216K
  class space    used 7771K, committed 9344K, reserved 327680K
}
Event: 7339.586 GC heap before
{Heap before GC invocations=26 (full 0):
 garbage-first heap   total 262144K, used 205468K [0x00000000e0000000, 0x0000000100000000)
  region size 1024K, 153 young (156672K), 8 survivors (8192K)
 Metaspace       used 59495K, committed 63040K, reserved 393216K
  class space    used 7770K, committed 9344K, reserved 327680K
}
Event: 7339.594 GC heap after
{Heap after GC invocations=27 (full 0):
 garbage-first heap   total 262144K, used 57236K [0x00000000e0000000, 0x0000000100000000)
  region size 1024K, 7 young (7168K), 7 survivors (7168K)
 Metaspace       used 59495K, committed 63040K, reserved 393216K
  class space    used 7770K, committed 9344K, reserved 327680K
}
Event: 7668.738 GC heap before
{Heap before GC invocations=27 (full 0):
 garbage-first heap   total 262144K, used 205716K [0x00000000e0000000, 0x0000000100000000)
  region size 1024K, 153 young (156672K), 7 survivors (7168K)
 Metaspace       used 59636K, committed 63040K, reserved 393216K
  class space    used 7777K, committed 9344K, reserved 327680K
}
Event: 7668.746 GC heap after
{Heap after GC invocations=28 (full 0):
 garbage-first heap   total 262144K, used 52692K [0x00000000e0000000, 0x0000000100000000)
  region size 1024K, 5 young (5120K), 5 survivors (5120K)
 Metaspace       used 59636K, committed 63040K, reserved 393216K
  class space    used 7777K, committed 9344K, reserved 327680K
}
Event: 7686.932 GC heap before
{Heap before GC invocations=28 (full 0):
 garbage-first heap   total 262144K, used 203220K [0x00000000e0000000, 0x0000000100000000)
  region size 1024K, 153 young (156672K), 5 survivors (5120K)
 Metaspace       used 59719K, committed 63040K, reserved 393216K
  class space    used 7777K, committed 9344K, reserved 327680K
}
Event: 7686.946 GC heap after
{Heap after GC invocations=29 (full 0):
 garbage-first heap   total 262144K, used 56647K [0x00000000e0000000, 0x0000000100000000)
  region size 1024K, 9 young (9216K), 9 survivors (9216K)
 Metaspace       used 59719K, committed 63040K, reserved 393216K
  class space    used 7777K, committed 9344K, reserved 327680K
}
Event: 7713.686 GC heap before
{Heap before GC invocations=30 (full 0):
 garbage-first heap   total 262144K, used 203079K [0x00000000e0000000, 0x0000000100000000)
  region size 1024K, 153 young (156672K), 9 survivors (9216K)
 Metaspace       used 59830K, committed 63040K, reserved 393216K
  class space    used 7782K, committed 9344K, reserved 327680K
}
Event: 7713.690 GC heap after
{Heap after GC invocations=31 (full 0):
 garbage-first heap   total 262144K, used 50756K [0x00000000e0000000, 0x0000000100000000)
  region size 1024K, 3 young (3072K), 3 survivors (3072K)
 Metaspace       used 59830K, committed 63040K, reserved 393216K
  class space    used 7782K, committed 9344K, reserved 327680K
}

